[23-10-2019 20:24:42] PayPal\Core\PayPalHttpConnection : INFO: POST https://api.sandbox.paypal.com/v1/oauth2/token
[23-10-2019 20:24:55] PayPal\Core\PayPalHttpConnection : INFO: POST https://api.sandbox.paypal.com/v1/oauth2/token
[23-10-2019 20:25:08] PayPal\Core\PayPalHttpConnection : INFO: POST https://api.sandbox.paypal.com/v1/oauth2/token
[23-10-2019 20:25:34] PayPal\Core\PayPalHttpConnection : INFO: POST https://api.sandbox.paypal.com/v1/oauth2/token
[29-01-2020 06:23:17] PayPal\Core\PayPalHttpConnection : INFO: POST https://api.sandbox.paypal.com/v1/oauth2/token
[29-01-2020 06:23:44] PayPal\Core\PayPalHttpConnection : INFO: POST https://api.sandbox.paypal.com/v1/oauth2/token
[29-01-2020 06:30:23] PayPal\Core\PayPalHttpConnection : INFO: POST https://api.sandbox.paypal.com/v1/oauth2/token
[29-01-2020 06:39:21] PayPal\Core\PayPalHttpConnection : INFO: POST https://api.sandbox.paypal.com/v1/oauth2/token
[29-01-2020 06:42:13] PayPal\Core\PayPalHttpConnection : INFO: POST https://api.sandbox.paypal.com/v1/oauth2/token
[29-01-2020 06:42:19] PayPal\Core\PayPalHttpConnection : DEBUG: Request Headers 	: POST /v1/oauth2/token HTTP/1.1, Host: api.sandbox.paypal.com, User-Agent: PayPalSDK/PayPal-PHP-SDK 1.14.0 (platform-ver=7.3.3; bit=64; os=Windows_NT_10.0; machine=AMD64; crypto-lib-ver=1.1.1a; curl=7.64.0), Authorization: Basic QVlSMnJubjc5cXRYeHRCUXNSTFBJNzR5TFJFVlVndDZJN3pJbHM2ZGZoZVdxcGZnSFBrNjRnSVFNMlB3SDYwLWtZVWtGRHctNFptNXFkTG46RUZwZXdsLXZ1VlBUQWplN2FPMVRrMG40VnZBaGQ0Um10ck1SeFdNelh6OWE1Yzk2TUdOSmUwQ1Q3dzR5ckMwYlFqZE9sTXhjVzJGS2JrZjA=, Accept: */*, Content-Length: 29, Content-Type: application/x-www-form-urlencoded, , 
[29-01-2020 06:42:19] PayPal\Core\PayPalHttpConnection : DEBUG: Request Data		: grant_type=client_credentials
--------------------------------------------------------------------------------------------------------------------------------

[29-01-2020 06:42:19] PayPal\Core\PayPalHttpConnection : INFO: Response Status 	: 200
[29-01-2020 06:42:19] PayPal\Core\PayPalHttpConnection : DEBUG: Response Headers	: Cache-Control: max-age=0, no-cache, no-store, must-revalidate, Content-Length: 918, Content-Type: application/json, Date: Wed, 29 Jan 2020 05:42:18 GMT, Paypal-Debug-Id: 89d1a72b01871, X-Paypal-Token-Service: IAAS, 
[29-01-2020 06:42:19] PayPal\Core\PayPalHttpConnection : DEBUG: Response Data 	: {"scope":"https://uri.paypal.com/services/invoicing https://uri.paypal.com/services/disputes/read-buyer https://uri.paypal.com/services/payments/realtimepayment https://uri.paypal.com/services/disputes/update-seller https://uri.paypal.com/services/payments/payment/authcapture openid https://uri.paypal.com/services/disputes/read-seller https://uri.paypal.com/services/payments/refund https://api.paypal.com/v1/vault/credit-card https://api.paypal.com/v1/payments/.* https://uri.paypal.com/payments/payouts https://api.paypal.com/v1/vault/credit-card/.* https://uri.paypal.com/services/subscriptions https://uri.paypal.com/services/applications/webhooks","access_token":"A21AAHMPRYuiBdnWm317pYMnsEw3u53K5kpGNISjp87eI3YjHIy_Cj7f1mKQYdg9hifV99W4ufMXggw-t_uJsoS8unv2cKFiQ","token_type":"Bearer","app_id":"APP-80W284485P519543T","expires_in":32400,"nonce":"2020-01-29T05:42:19ZVeIgCbVLVaTVjx2rECuCIvnPrAjQUMNoexhhSiZaw-o"}

================================================================================================================================

[29-01-2020 06:42:19] PayPal\Core\PayPalHttpConnection : INFO: POST https://api.sandbox.paypal.com/v1/payments/payment
[29-01-2020 06:42:22] PayPal\Core\PayPalHttpConnection : DEBUG: Request Headers 	: POST /v1/payments/payment HTTP/1.1, Host: api.sandbox.paypal.com, Accept: */*, Content-Type: application/json, User-Agent: PayPalSDK/PayPal-PHP-SDK 1.14.0 (platform-ver=7.3.3; bit=64; os=Windows_NT_10.0; machine=AMD64; crypto-lib-ver=1.1.1a; curl=7.64.0), Authorization: Bearer A21AAHMPRYuiBdnWm317pYMnsEw3u53K5kpGNISjp87eI3YjHIy_Cj7f1mKQYdg9hifV99W4ufMXggw-t_uJsoS8unv2cKFiQ, Content-Length: 546, , 
[29-01-2020 06:42:22] PayPal\Core\PayPalHttpConnection : DEBUG: Request Data		: {"intent":"sale","payer":{"payment_method":"paypal"},"redirect_urls":{"return_url":"http://localhost/ns/shop/callback?item_purchased=packages&order_unique_id=75","cancel_url":"http://localhost/ns/shop/callback?item_purchased=packages&order_unique_id=75"},"transactions":[{"amount":{"currency":"EUR","total":"240","details":{"tax":"40","subtotal":"200"}},"item_list":{"items":[{"name":"Payment for Order#NSW75P533","currency":"EUR","quantity":1,"sku":"1","price":"200"}]},"description":"Payment for Order#NSW75P533","invoice_number":"NSW75P533"}]}
--------------------------------------------------------------------------------------------------------------------------------

[29-01-2020 06:42:22] PayPal\Core\PayPalHttpConnection : INFO: Response Status 	: 201
[29-01-2020 06:42:22] PayPal\Core\PayPalHttpConnection : DEBUG: Response Headers	: Cache-Control: max-age=0, no-cache, no-store, must-revalidate, Content-Language: *, Content-Length: 883, Content-Type: application/json, Date: Wed, 29 Jan 2020 05:42:20 GMT, Paypal-Debug-Id: a2a31c95a73b6, 
[29-01-2020 06:42:22] PayPal\Core\PayPalHttpConnection : DEBUG: Response Data 	: {"id":"PAYID-LYYRWPI06U8025078537140C","intent":"sale","state":"created","payer":{"payment_method":"paypal"},"transactions":[{"amount":{"total":"240.00","currency":"EUR","details":{"subtotal":"200.00","tax":"40.00"}},"description":"Payment for Order#NSW75P533","invoice_number":"NSW75P533","item_list":{"items":[{"name":"Payment for Order#NSW75P533","sku":"1","price":"200.00","currency":"EUR","quantity":1}]},"related_resources":[]}],"create_time":"2020-01-29T05:42:21Z","links":[{"href":"https://api.sandbox.paypal.com/v1/payments/payment/PAYID-LYYRWPI06U8025078537140C","rel":"self","method":"GET"},{"href":"https://www.sandbox.paypal.com/cgi-bin/webscr?cmd=_express-checkout&token=EC-6UB36537HK108213E","rel":"approval_url","method":"REDIRECT"},{"href":"https://api.sandbox.paypal.com/v1/payments/payment/PAYID-LYYRWPI06U8025078537140C/execute","rel":"execute","method":"POST"}]}

================================================================================================================================

[29-01-2020 06:44:06] PayPal\Core\PayPalHttpConnection : INFO: POST https://api.sandbox.paypal.com/v1/oauth2/token
[29-01-2020 06:44:09] PayPal\Core\PayPalHttpConnection : DEBUG: Request Headers 	: POST /v1/oauth2/token HTTP/1.1, Host: api.sandbox.paypal.com, User-Agent: PayPalSDK/PayPal-PHP-SDK 1.14.0 (platform-ver=7.3.3; bit=64; os=Windows_NT_10.0; machine=AMD64; crypto-lib-ver=1.1.1a; curl=7.64.0), Authorization: Basic QVlSMnJubjc5cXRYeHRCUXNSTFBJNzR5TFJFVlVndDZJN3pJbHM2ZGZoZVdxcGZnSFBrNjRnSVFNMlB3SDYwLWtZVWtGRHctNFptNXFkTG46RUZwZXdsLXZ1VlBUQWplN2FPMVRrMG40VnZBaGQ0Um10ck1SeFdNelh6OWE1Yzk2TUdOSmUwQ1Q3dzR5ckMwYlFqZE9sTXhjVzJGS2JrZjA=, Accept: */*, Content-Length: 29, Content-Type: application/x-www-form-urlencoded, , 
[29-01-2020 06:44:09] PayPal\Core\PayPalHttpConnection : DEBUG: Request Data		: grant_type=client_credentials
--------------------------------------------------------------------------------------------------------------------------------

[29-01-2020 06:44:09] PayPal\Core\PayPalHttpConnection : INFO: Response Status 	: 200
[29-01-2020 06:44:09] PayPal\Core\PayPalHttpConnection : DEBUG: Response Headers	: Cache-Control: max-age=0, no-cache, no-store, must-revalidate, Content-Length: 918, Content-Type: application/json, Date: Wed, 29 Jan 2020 05:44:08 GMT, Paypal-Debug-Id: 87b259f637e85, X-Paypal-Token-Service: IAAS, 
[29-01-2020 06:44:09] PayPal\Core\PayPalHttpConnection : DEBUG: Response Data 	: {"scope":"https://uri.paypal.com/services/invoicing https://uri.paypal.com/services/disputes/read-buyer https://uri.paypal.com/services/payments/realtimepayment https://uri.paypal.com/services/disputes/update-seller https://uri.paypal.com/services/payments/payment/authcapture openid https://uri.paypal.com/services/disputes/read-seller https://uri.paypal.com/services/payments/refund https://api.paypal.com/v1/vault/credit-card https://api.paypal.com/v1/payments/.* https://uri.paypal.com/payments/payouts https://api.paypal.com/v1/vault/credit-card/.* https://uri.paypal.com/services/subscriptions https://uri.paypal.com/services/applications/webhooks","access_token":"A21AAHMPRYuiBdnWm317pYMnsEw3u53K5kpGNISjp87eI3YjHIy_Cj7f1mKQYdg9hifV99W4ufMXggw-t_uJsoS8unv2cKFiQ","token_type":"Bearer","app_id":"APP-80W284485P519543T","expires_in":32291,"nonce":"2020-01-29T05:42:19ZVeIgCbVLVaTVjx2rECuCIvnPrAjQUMNoexhhSiZaw-o"}

================================================================================================================================

[29-01-2020 06:44:09] PayPal\Core\PayPalHttpConnection : INFO: POST https://api.sandbox.paypal.com/v1/payments/payment
[29-01-2020 06:44:12] PayPal\Core\PayPalHttpConnection : DEBUG: Request Headers 	: POST /v1/payments/payment HTTP/1.1, Host: api.sandbox.paypal.com, Accept: */*, Content-Type: application/json, User-Agent: PayPalSDK/PayPal-PHP-SDK 1.14.0 (platform-ver=7.3.3; bit=64; os=Windows_NT_10.0; machine=AMD64; crypto-lib-ver=1.1.1a; curl=7.64.0), Authorization: Bearer A21AAHMPRYuiBdnWm317pYMnsEw3u53K5kpGNISjp87eI3YjHIy_Cj7f1mKQYdg9hifV99W4ufMXggw-t_uJsoS8unv2cKFiQ, Content-Length: 546, , 
[29-01-2020 06:44:12] PayPal\Core\PayPalHttpConnection : DEBUG: Request Data		: {"intent":"sale","payer":{"payment_method":"paypal"},"redirect_urls":{"return_url":"http://localhost/ns/shop/callback?item_purchased=packages&order_unique_id=79","cancel_url":"http://localhost/ns/shop/callback?item_purchased=packages&order_unique_id=79"},"transactions":[{"amount":{"currency":"EUR","total":"240","details":{"tax":"40","subtotal":"200"}},"item_list":{"items":[{"name":"Payment for Order#NSW79P646","currency":"EUR","quantity":1,"sku":"1","price":"200"}]},"description":"Payment for Order#NSW79P646","invoice_number":"NSW79P646"}]}
--------------------------------------------------------------------------------------------------------------------------------

[29-01-2020 06:44:12] PayPal\Core\PayPalHttpConnection : INFO: Response Status 	: 201
[29-01-2020 06:44:12] PayPal\Core\PayPalHttpConnection : DEBUG: Response Headers	: Cache-Control: max-age=0, no-cache, no-store, must-revalidate, Content-Language: *, Content-Length: 883, Content-Type: application/json, Date: Wed, 29 Jan 2020 05:44:11 GMT, Paypal-Debug-Id: 27b594f057e9d, 
[29-01-2020 06:44:12] PayPal\Core\PayPalHttpConnection : DEBUG: Response Data 	: {"id":"PAYID-LYYRXKY4675695757015913N","intent":"sale","state":"created","payer":{"payment_method":"paypal"},"transactions":[{"amount":{"total":"240.00","currency":"EUR","details":{"subtotal":"200.00","tax":"40.00"}},"description":"Payment for Order#NSW79P646","invoice_number":"NSW79P646","item_list":{"items":[{"name":"Payment for Order#NSW79P646","sku":"1","price":"200.00","currency":"EUR","quantity":1}]},"related_resources":[]}],"create_time":"2020-01-29T05:44:11Z","links":[{"href":"https://api.sandbox.paypal.com/v1/payments/payment/PAYID-LYYRXKY4675695757015913N","rel":"self","method":"GET"},{"href":"https://www.sandbox.paypal.com/cgi-bin/webscr?cmd=_express-checkout&token=EC-83B780870X012392U","rel":"approval_url","method":"REDIRECT"},{"href":"https://api.sandbox.paypal.com/v1/payments/payment/PAYID-LYYRXKY4675695757015913N/execute","rel":"execute","method":"POST"}]}

================================================================================================================================

[29-01-2020 06:44:55] PayPal\Core\PayPalHttpConnection : INFO: POST https://api.sandbox.paypal.com/v1/oauth2/token
[29-01-2020 06:44:58] PayPal\Core\PayPalHttpConnection : DEBUG: Request Headers 	: POST /v1/oauth2/token HTTP/1.1, Host: api.sandbox.paypal.com, User-Agent: PayPalSDK/PayPal-PHP-SDK 1.14.0 (platform-ver=7.3.3; bit=64; os=Windows_NT_10.0; machine=AMD64; crypto-lib-ver=1.1.1a; curl=7.64.0), Authorization: Basic QVlSMnJubjc5cXRYeHRCUXNSTFBJNzR5TFJFVlVndDZJN3pJbHM2ZGZoZVdxcGZnSFBrNjRnSVFNMlB3SDYwLWtZVWtGRHctNFptNXFkTG46RUZwZXdsLXZ1VlBUQWplN2FPMVRrMG40VnZBaGQ0Um10ck1SeFdNelh6OWE1Yzk2TUdOSmUwQ1Q3dzR5ckMwYlFqZE9sTXhjVzJGS2JrZjA=, Accept: */*, Content-Length: 29, Content-Type: application/x-www-form-urlencoded, , 
[29-01-2020 06:44:58] PayPal\Core\PayPalHttpConnection : DEBUG: Request Data		: grant_type=client_credentials
--------------------------------------------------------------------------------------------------------------------------------

[29-01-2020 06:44:58] PayPal\Core\PayPalHttpConnection : INFO: Response Status 	: 200
[29-01-2020 06:44:58] PayPal\Core\PayPalHttpConnection : DEBUG: Response Headers	: Cache-Control: max-age=0, no-cache, no-store, must-revalidate, Content-Length: 918, Content-Type: application/json, Date: Wed, 29 Jan 2020 05:44:57 GMT, Paypal-Debug-Id: b283c88cdec87, X-Paypal-Token-Service: IAAS, 
[29-01-2020 06:44:58] PayPal\Core\PayPalHttpConnection : DEBUG: Response Data 	: {"scope":"https://uri.paypal.com/services/invoicing https://uri.paypal.com/services/disputes/read-buyer https://uri.paypal.com/services/payments/realtimepayment https://uri.paypal.com/services/disputes/update-seller https://uri.paypal.com/services/payments/payment/authcapture openid https://uri.paypal.com/services/disputes/read-seller https://uri.paypal.com/services/payments/refund https://api.paypal.com/v1/vault/credit-card https://api.paypal.com/v1/payments/.* https://uri.paypal.com/payments/payouts https://api.paypal.com/v1/vault/credit-card/.* https://uri.paypal.com/services/subscriptions https://uri.paypal.com/services/applications/webhooks","access_token":"A21AAHMPRYuiBdnWm317pYMnsEw3u53K5kpGNISjp87eI3YjHIy_Cj7f1mKQYdg9hifV99W4ufMXggw-t_uJsoS8unv2cKFiQ","token_type":"Bearer","app_id":"APP-80W284485P519543T","expires_in":32241,"nonce":"2020-01-29T05:42:19ZVeIgCbVLVaTVjx2rECuCIvnPrAjQUMNoexhhSiZaw-o"}

================================================================================================================================

[29-01-2020 06:44:58] PayPal\Core\PayPalHttpConnection : INFO: POST https://api.sandbox.paypal.com/v1/payments/payment
[29-01-2020 06:45:00] PayPal\Core\PayPalHttpConnection : DEBUG: Request Headers 	: POST /v1/payments/payment HTTP/1.1, Host: api.sandbox.paypal.com, Accept: */*, Content-Type: application/json, User-Agent: PayPalSDK/PayPal-PHP-SDK 1.14.0 (platform-ver=7.3.3; bit=64; os=Windows_NT_10.0; machine=AMD64; crypto-lib-ver=1.1.1a; curl=7.64.0), Authorization: Bearer A21AAHMPRYuiBdnWm317pYMnsEw3u53K5kpGNISjp87eI3YjHIy_Cj7f1mKQYdg9hifV99W4ufMXggw-t_uJsoS8unv2cKFiQ, Content-Length: 546, , 
[29-01-2020 06:45:00] PayPal\Core\PayPalHttpConnection : DEBUG: Request Data		: {"intent":"sale","payer":{"payment_method":"paypal"},"redirect_urls":{"return_url":"http://localhost/ns/shop/callback?item_purchased=packages&order_unique_id=80","cancel_url":"http://localhost/ns/shop/callback?item_purchased=packages&order_unique_id=80"},"transactions":[{"amount":{"currency":"EUR","total":"240","details":{"tax":"40","subtotal":"200"}},"item_list":{"items":[{"name":"Payment for Order#NSW80P695","currency":"EUR","quantity":1,"sku":"1","price":"200"}]},"description":"Payment for Order#NSW80P695","invoice_number":"NSW80P695"}]}
--------------------------------------------------------------------------------------------------------------------------------

[29-01-2020 06:45:00] PayPal\Core\PayPalHttpConnection : INFO: Response Status 	: 201
[29-01-2020 06:45:00] PayPal\Core\PayPalHttpConnection : DEBUG: Response Headers	: Cache-Control: max-age=0, no-cache, no-store, must-revalidate, Content-Language: *, Content-Length: 883, Content-Type: application/json, Date: Wed, 29 Jan 2020 05:45:00 GMT, Paypal-Debug-Id: b291408cbb5cb, 
[29-01-2020 06:45:00] PayPal\Core\PayPalHttpConnection : DEBUG: Response Data 	: {"id":"PAYID-LYYRXXA5BB74156KR418850B","intent":"sale","state":"created","payer":{"payment_method":"paypal"},"transactions":[{"amount":{"total":"240.00","currency":"EUR","details":{"subtotal":"200.00","tax":"40.00"}},"description":"Payment for Order#NSW80P695","invoice_number":"NSW80P695","item_list":{"items":[{"name":"Payment for Order#NSW80P695","sku":"1","price":"200.00","currency":"EUR","quantity":1}]},"related_resources":[]}],"create_time":"2020-01-29T05:45:00Z","links":[{"href":"https://api.sandbox.paypal.com/v1/payments/payment/PAYID-LYYRXXA5BB74156KR418850B","rel":"self","method":"GET"},{"href":"https://www.sandbox.paypal.com/cgi-bin/webscr?cmd=_express-checkout&token=EC-2E560521GR244743A","rel":"approval_url","method":"REDIRECT"},{"href":"https://api.sandbox.paypal.com/v1/payments/payment/PAYID-LYYRXXA5BB74156KR418850B/execute","rel":"execute","method":"POST"}]}

================================================================================================================================

[29-01-2020 06:45:01] PayPal\Core\PayPalHttpConnection : INFO: POST https://api.sandbox.paypal.com/v1/oauth2/token
[29-01-2020 06:45:03] PayPal\Core\PayPalHttpConnection : DEBUG: Request Headers 	: POST /v1/oauth2/token HTTP/1.1, Host: api.sandbox.paypal.com, User-Agent: PayPalSDK/PayPal-PHP-SDK 1.14.0 (platform-ver=7.3.3; bit=64; os=Windows_NT_10.0; machine=AMD64; crypto-lib-ver=1.1.1a; curl=7.64.0), Authorization: Basic QVlSMnJubjc5cXRYeHRCUXNSTFBJNzR5TFJFVlVndDZJN3pJbHM2ZGZoZVdxcGZnSFBrNjRnSVFNMlB3SDYwLWtZVWtGRHctNFptNXFkTG46RUZwZXdsLXZ1VlBUQWplN2FPMVRrMG40VnZBaGQ0Um10ck1SeFdNelh6OWE1Yzk2TUdOSmUwQ1Q3dzR5ckMwYlFqZE9sTXhjVzJGS2JrZjA=, Accept: */*, Content-Length: 29, Content-Type: application/x-www-form-urlencoded, , 
[29-01-2020 06:45:03] PayPal\Core\PayPalHttpConnection : DEBUG: Request Data		: grant_type=client_credentials
--------------------------------------------------------------------------------------------------------------------------------

[29-01-2020 06:45:03] PayPal\Core\PayPalHttpConnection : INFO: Response Status 	: 200
[29-01-2020 06:45:03] PayPal\Core\PayPalHttpConnection : DEBUG: Response Headers	: Cache-Control: max-age=0, no-cache, no-store, must-revalidate, Content-Length: 918, Content-Type: application/json, Date: Wed, 29 Jan 2020 05:45:03 GMT, Paypal-Debug-Id: 408e4e7f1a425, X-Paypal-Token-Service: IAAS, 
[29-01-2020 06:45:03] PayPal\Core\PayPalHttpConnection : DEBUG: Response Data 	: {"scope":"https://uri.paypal.com/services/invoicing https://uri.paypal.com/services/disputes/read-buyer https://uri.paypal.com/services/payments/realtimepayment https://uri.paypal.com/services/disputes/update-seller https://uri.paypal.com/services/payments/payment/authcapture openid https://uri.paypal.com/services/disputes/read-seller https://uri.paypal.com/services/payments/refund https://api.paypal.com/v1/vault/credit-card https://api.paypal.com/v1/payments/.* https://uri.paypal.com/payments/payouts https://api.paypal.com/v1/vault/credit-card/.* https://uri.paypal.com/services/subscriptions https://uri.paypal.com/services/applications/webhooks","access_token":"A21AAHMPRYuiBdnWm317pYMnsEw3u53K5kpGNISjp87eI3YjHIy_Cj7f1mKQYdg9hifV99W4ufMXggw-t_uJsoS8unv2cKFiQ","token_type":"Bearer","app_id":"APP-80W284485P519543T","expires_in":32236,"nonce":"2020-01-29T05:42:19ZVeIgCbVLVaTVjx2rECuCIvnPrAjQUMNoexhhSiZaw-o"}

================================================================================================================================

[29-01-2020 06:45:03] PayPal\Core\PayPalHttpConnection : INFO: POST https://api.sandbox.paypal.com/v1/payments/payment
[29-01-2020 06:45:07] PayPal\Core\PayPalHttpConnection : DEBUG: Request Headers 	: POST /v1/payments/payment HTTP/1.1, Host: api.sandbox.paypal.com, Accept: */*, Content-Type: application/json, User-Agent: PayPalSDK/PayPal-PHP-SDK 1.14.0 (platform-ver=7.3.3; bit=64; os=Windows_NT_10.0; machine=AMD64; crypto-lib-ver=1.1.1a; curl=7.64.0), Authorization: Bearer A21AAHMPRYuiBdnWm317pYMnsEw3u53K5kpGNISjp87eI3YjHIy_Cj7f1mKQYdg9hifV99W4ufMXggw-t_uJsoS8unv2cKFiQ, Content-Length: 546, , 
[29-01-2020 06:45:07] PayPal\Core\PayPalHttpConnection : DEBUG: Request Data		: {"intent":"sale","payer":{"payment_method":"paypal"},"redirect_urls":{"return_url":"http://localhost/ns/shop/callback?item_purchased=packages&order_unique_id=80","cancel_url":"http://localhost/ns/shop/callback?item_purchased=packages&order_unique_id=80"},"transactions":[{"amount":{"currency":"EUR","total":"240","details":{"tax":"40","subtotal":"200"}},"item_list":{"items":[{"name":"Payment for Order#NSW80P701","currency":"EUR","quantity":1,"sku":"1","price":"200"}]},"description":"Payment for Order#NSW80P701","invoice_number":"NSW80P701"}]}
--------------------------------------------------------------------------------------------------------------------------------

[29-01-2020 06:45:07] PayPal\Core\PayPalHttpConnection : INFO: Response Status 	: 201
[29-01-2020 06:45:07] PayPal\Core\PayPalHttpConnection : DEBUG: Response Headers	: Cache-Control: max-age=0, no-cache, no-store, must-revalidate, Content-Language: *, Content-Length: 883, Content-Type: application/json, Date: Wed, 29 Jan 2020 05:45:06 GMT, Paypal-Debug-Id: b56eb2dc8c9b5, 
[29-01-2020 06:45:07] PayPal\Core\PayPalHttpConnection : DEBUG: Response Data 	: {"id":"PAYID-LYYRXYQ60340444YN5348543","intent":"sale","state":"created","payer":{"payment_method":"paypal"},"transactions":[{"amount":{"total":"240.00","currency":"EUR","details":{"subtotal":"200.00","tax":"40.00"}},"description":"Payment for Order#NSW80P701","invoice_number":"NSW80P701","item_list":{"items":[{"name":"Payment for Order#NSW80P701","sku":"1","price":"200.00","currency":"EUR","quantity":1}]},"related_resources":[]}],"create_time":"2020-01-29T05:45:06Z","links":[{"href":"https://api.sandbox.paypal.com/v1/payments/payment/PAYID-LYYRXYQ60340444YN5348543","rel":"self","method":"GET"},{"href":"https://www.sandbox.paypal.com/cgi-bin/webscr?cmd=_express-checkout&token=EC-8TY415584X007062B","rel":"approval_url","method":"REDIRECT"},{"href":"https://api.sandbox.paypal.com/v1/payments/payment/PAYID-LYYRXYQ60340444YN5348543/execute","rel":"execute","method":"POST"}]}

================================================================================================================================

[29-01-2020 06:46:16] PayPal\Core\PayPalHttpConnection : INFO: POST https://api.sandbox.paypal.com/v1/oauth2/token
[29-01-2020 06:46:18] PayPal\Core\PayPalHttpConnection : DEBUG: Request Headers 	: POST /v1/oauth2/token HTTP/1.1, Host: api.sandbox.paypal.com, User-Agent: PayPalSDK/PayPal-PHP-SDK 1.14.0 (platform-ver=7.3.3; bit=64; os=Windows_NT_10.0; machine=AMD64; crypto-lib-ver=1.1.1a; curl=7.64.0), Authorization: Basic QVlSMnJubjc5cXRYeHRCUXNSTFBJNzR5TFJFVlVndDZJN3pJbHM2ZGZoZVdxcGZnSFBrNjRnSVFNMlB3SDYwLWtZVWtGRHctNFptNXFkTG46RUZwZXdsLXZ1VlBUQWplN2FPMVRrMG40VnZBaGQ0Um10ck1SeFdNelh6OWE1Yzk2TUdOSmUwQ1Q3dzR5ckMwYlFqZE9sTXhjVzJGS2JrZjA=, Accept: */*, Content-Length: 29, Content-Type: application/x-www-form-urlencoded, , 
[29-01-2020 06:46:18] PayPal\Core\PayPalHttpConnection : DEBUG: Request Data		: grant_type=client_credentials
--------------------------------------------------------------------------------------------------------------------------------

[29-01-2020 06:46:18] PayPal\Core\PayPalHttpConnection : INFO: Response Status 	: 200
[29-01-2020 06:46:18] PayPal\Core\PayPalHttpConnection : DEBUG: Response Headers	: Cache-Control: max-age=0, no-cache, no-store, must-revalidate, Content-Length: 918, Content-Type: application/json, Date: Wed, 29 Jan 2020 05:46:18 GMT, Paypal-Debug-Id: ef179475f7e61, X-Paypal-Token-Service: IAAS, 
[29-01-2020 06:46:18] PayPal\Core\PayPalHttpConnection : DEBUG: Response Data 	: {"scope":"https://uri.paypal.com/services/invoicing https://uri.paypal.com/services/disputes/read-buyer https://uri.paypal.com/services/payments/realtimepayment https://uri.paypal.com/services/disputes/update-seller https://uri.paypal.com/services/payments/payment/authcapture openid https://uri.paypal.com/services/disputes/read-seller https://uri.paypal.com/services/payments/refund https://api.paypal.com/v1/vault/credit-card https://api.paypal.com/v1/payments/.* https://uri.paypal.com/payments/payouts https://api.paypal.com/v1/vault/credit-card/.* https://uri.paypal.com/services/subscriptions https://uri.paypal.com/services/applications/webhooks","access_token":"A21AAHMPRYuiBdnWm317pYMnsEw3u53K5kpGNISjp87eI3YjHIy_Cj7f1mKQYdg9hifV99W4ufMXggw-t_uJsoS8unv2cKFiQ","token_type":"Bearer","app_id":"APP-80W284485P519543T","expires_in":32161,"nonce":"2020-01-29T05:42:19ZVeIgCbVLVaTVjx2rECuCIvnPrAjQUMNoexhhSiZaw-o"}

================================================================================================================================

[29-01-2020 06:46:18] PayPal\Core\PayPalHttpConnection : INFO: POST https://api.sandbox.paypal.com/v1/payments/payment
[29-01-2020 06:46:22] PayPal\Core\PayPalHttpConnection : DEBUG: Request Headers 	: POST /v1/payments/payment HTTP/1.1, Host: api.sandbox.paypal.com, Accept: */*, Content-Type: application/json, User-Agent: PayPalSDK/PayPal-PHP-SDK 1.14.0 (platform-ver=7.3.3; bit=64; os=Windows_NT_10.0; machine=AMD64; crypto-lib-ver=1.1.1a; curl=7.64.0), Authorization: Bearer A21AAHMPRYuiBdnWm317pYMnsEw3u53K5kpGNISjp87eI3YjHIy_Cj7f1mKQYdg9hifV99W4ufMXggw-t_uJsoS8unv2cKFiQ, Content-Length: 546, , 
[29-01-2020 06:46:22] PayPal\Core\PayPalHttpConnection : DEBUG: Request Data		: {"intent":"sale","payer":{"payment_method":"paypal"},"redirect_urls":{"return_url":"http://localhost/ns/shop/callback?item_purchased=packages&order_unique_id=75","cancel_url":"http://localhost/ns/shop/callback?item_purchased=packages&order_unique_id=75"},"transactions":[{"amount":{"currency":"EUR","total":"240","details":{"tax":"40","subtotal":"200"}},"item_list":{"items":[{"name":"Payment for Order#NSW75P776","currency":"EUR","quantity":1,"sku":"1","price":"200"}]},"description":"Payment for Order#NSW75P776","invoice_number":"NSW75P776"}]}
--------------------------------------------------------------------------------------------------------------------------------

[29-01-2020 06:46:22] PayPal\Core\PayPalHttpConnection : INFO: Response Status 	: 201
[29-01-2020 06:46:22] PayPal\Core\PayPalHttpConnection : DEBUG: Response Headers	: Cache-Control: max-age=0, no-cache, no-store, must-revalidate, Content-Language: *, Content-Length: 883, Content-Type: application/json, Date: Wed, 29 Jan 2020 05:46:21 GMT, Paypal-Debug-Id: c253858c5fbdd, 
[29-01-2020 06:46:22] PayPal\Core\PayPalHttpConnection : DEBUG: Response Data 	: {"id":"PAYID-LYYRYLI6JP773514C0965421","intent":"sale","state":"created","payer":{"payment_method":"paypal"},"transactions":[{"amount":{"total":"240.00","currency":"EUR","details":{"subtotal":"200.00","tax":"40.00"}},"description":"Payment for Order#NSW75P776","invoice_number":"NSW75P776","item_list":{"items":[{"name":"Payment for Order#NSW75P776","sku":"1","price":"200.00","currency":"EUR","quantity":1}]},"related_resources":[]}],"create_time":"2020-01-29T05:46:21Z","links":[{"href":"https://api.sandbox.paypal.com/v1/payments/payment/PAYID-LYYRYLI6JP773514C0965421","rel":"self","method":"GET"},{"href":"https://www.sandbox.paypal.com/cgi-bin/webscr?cmd=_express-checkout&token=EC-7NX885199W1464121","rel":"approval_url","method":"REDIRECT"},{"href":"https://api.sandbox.paypal.com/v1/payments/payment/PAYID-LYYRYLI6JP773514C0965421/execute","rel":"execute","method":"POST"}]}

================================================================================================================================

[29-01-2020 08:03:15] PayPal\Core\PayPalHttpConnection : INFO: POST https://api.sandbox.paypal.com/v1/oauth2/token
[29-01-2020 08:03:36] PayPal\Core\PayPalHttpConnection : INFO: POST https://api.sandbox.paypal.com/v1/oauth2/token
[29-01-2020 08:05:44] PayPal\Core\PayPalHttpConnection : INFO: POST https://api.sandbox.paypal.com/v1/oauth2/token
[29-01-2020 08:06:04] PayPal\Core\PayPalHttpConnection : INFO: POST https://api.sandbox.paypal.com/v1/oauth2/token
[29-01-2020 08:06:29] PayPal\Core\PayPalHttpConnection : INFO: POST https://api.sandbox.paypal.com/v1/oauth2/token
[29-01-2020 08:07:48] PayPal\Core\PayPalHttpConnection : INFO: POST https://api.sandbox.paypal.com/v1/oauth2/token
[29-01-2020 08:07:50] PayPal\Core\PayPalHttpConnection : DEBUG: Request Headers 	: POST /v1/oauth2/token HTTP/1.1, Host: api.sandbox.paypal.com, User-Agent: PayPalSDK/PayPal-PHP-SDK 1.14.0 (platform-ver=7.3.3; bit=64; os=Windows_NT_10.0; machine=AMD64; crypto-lib-ver=1.1.1a; curl=7.64.0), Authorization: Basic QVlSMnJubjc5cXRYeHRCUXNSTFBJNzR5TFJFVlVndDZJN3pJbHM2ZGZoZVdxcGZnSFBrNjRnSVFNMlB3SDYwLWtZVWtGRHctNFptNXFkTG46RUZwZXdsLXZ1VlBUQWplN2FPMVRrMG40VnZBaGQ0Um10ck1SeFdNelh6OWE1Yzk2TUdOSmUwQ1Q3dzR5ckMwYlFqZE9sTXhjVzJGS2JrZjA=, Accept: */*, Content-Length: 29, Content-Type: application/x-www-form-urlencoded, , 
[29-01-2020 08:07:50] PayPal\Core\PayPalHttpConnection : DEBUG: Request Data		: grant_type=client_credentials
--------------------------------------------------------------------------------------------------------------------------------

[29-01-2020 08:07:50] PayPal\Core\PayPalHttpConnection : INFO: Response Status 	: 200
[29-01-2020 08:07:50] PayPal\Core\PayPalHttpConnection : DEBUG: Response Headers	: Cache-Control: max-age=0, no-cache, no-store, must-revalidate, Content-Length: 918, Content-Type: application/json, Date: Wed, 29 Jan 2020 07:07:50 GMT, Paypal-Debug-Id: 99efb03db6caa, X-Paypal-Token-Service: IAAS, 
[29-01-2020 08:07:50] PayPal\Core\PayPalHttpConnection : DEBUG: Response Data 	: {"scope":"https://uri.paypal.com/services/invoicing https://uri.paypal.com/services/disputes/read-buyer https://uri.paypal.com/services/payments/realtimepayment https://uri.paypal.com/services/disputes/update-seller https://uri.paypal.com/services/payments/payment/authcapture openid https://uri.paypal.com/services/disputes/read-seller https://uri.paypal.com/services/payments/refund https://api.paypal.com/v1/vault/credit-card https://api.paypal.com/v1/payments/.* https://uri.paypal.com/payments/payouts https://api.paypal.com/v1/vault/credit-card/.* https://uri.paypal.com/services/subscriptions https://uri.paypal.com/services/applications/webhooks","access_token":"A21AAH24uxLv2tLUFbWCr9vxGB4mgGk-VSKzqLjNb8GVMiNvo1HLC9xv5OXfZ75gGiNqRD7sdBf8b_YwVkgp9CAtwjVlllbmw","token_type":"Bearer","app_id":"APP-80W284485P519543T","expires_in":32400,"nonce":"2020-01-29T07:07:50Zz5ggCJWZsz4d7UDG8L5xDfeOogUaqeQv3kyUx7DxxDA"}

================================================================================================================================

[29-01-2020 08:07:50] PayPal\Core\PayPalHttpConnection : INFO: POST https://api.sandbox.paypal.com/v1/payments/billing-plans/
[29-01-2020 08:07:52] PayPal\Core\PayPalHttpConnection : DEBUG: Request Headers 	: POST /v1/payments/billing-plans/ HTTP/1.1, Host: api.sandbox.paypal.com, Accept: */*, Content-Type: application/json, User-Agent: PayPalSDK/PayPal-PHP-SDK 1.14.0 (platform-ver=7.3.3; bit=64; os=Windows_NT_10.0; machine=AMD64; crypto-lib-ver=1.1.1a; curl=7.64.0), Authorization: Bearer A21AAH24uxLv2tLUFbWCr9vxGB4mgGk-VSKzqLjNb8GVMiNvo1HLC9xv5OXfZ75gGiNqRD7sdBf8b_YwVkgp9CAtwjVlllbmw, Content-Length: 636, , 
[29-01-2020 08:07:52] PayPal\Core\PayPalHttpConnection : DEBUG: Request Data		: {"name":"T-Shirt of the Month Club Plan","description":"Template creation.","type":"fixed","payment_definitions":[{"name":"Regular Payments","type":"REGULAR","frequency":"Month","frequency_interval":"2","cycles":"12","amount":{"value":"100","currency":"EUR"},"charge_models":[{"type":"SHIPPING","amount":{"value":"10","currency":"USD"}}]}],"merchant_preferences":{"return_url":"http://localhost/ns/ExecuteAgreement.php?success=true","cancel_url":"http://localhost/ns/ExecuteAgreement.php?success=false","auto_bill_amount":"yes","initial_fail_amount_action":"CONTINUE","max_fail_attempts":"0","setup_fee":{"value":"1","currency":"USD"}}}
--------------------------------------------------------------------------------------------------------------------------------

[29-01-2020 08:07:52] PayPal\Core\PayPalHttpConnection : INFO: Response Status 	: 400
[29-01-2020 08:07:52] PayPal\Core\PayPalHttpConnection : DEBUG: Response Headers	: Cache-Control: max-age=0, no-cache, no-store, must-revalidate, Content-Length: 295, Content-Type: application/json, Date: Wed, 29 Jan 2020 07:07:52 GMT, Paypal-Debug-Id: 28bc2a50510a2, 
[29-01-2020 08:07:52] PayPal\Core\PayPalHttpConnection : ERROR: Got Http response code 400 when accessing https://api.sandbox.paypal.com/v1/payments/billing-plans/. {"name":"VALIDATION_ERROR","debug_id":"28bc2a50510a2","message":"Invalid request. See details.","information_link":"https://developer.paypal.com/docs/api/payments.billing-plans#errors","details":[{"field":"invalid_currency_codes","issue":"All amounts with in a plan should have same currency"}]}
[29-01-2020 08:07:52] PayPal\Core\PayPalHttpConnection : DEBUG: 

================================================================================================================================

[29-01-2020 08:08:02] PayPal\Core\PayPalHttpConnection : INFO: POST https://api.sandbox.paypal.com/v1/oauth2/token
[29-01-2020 08:08:04] PayPal\Core\PayPalHttpConnection : DEBUG: Request Headers 	: POST /v1/oauth2/token HTTP/1.1, Host: api.sandbox.paypal.com, User-Agent: PayPalSDK/PayPal-PHP-SDK 1.14.0 (platform-ver=7.3.3; bit=64; os=Windows_NT_10.0; machine=AMD64; crypto-lib-ver=1.1.1a; curl=7.64.0), Authorization: Basic QVlSMnJubjc5cXRYeHRCUXNSTFBJNzR5TFJFVlVndDZJN3pJbHM2ZGZoZVdxcGZnSFBrNjRnSVFNMlB3SDYwLWtZVWtGRHctNFptNXFkTG46RUZwZXdsLXZ1VlBUQWplN2FPMVRrMG40VnZBaGQ0Um10ck1SeFdNelh6OWE1Yzk2TUdOSmUwQ1Q3dzR5ckMwYlFqZE9sTXhjVzJGS2JrZjA=, Accept: */*, Content-Length: 29, Content-Type: application/x-www-form-urlencoded, , 
[29-01-2020 08:08:04] PayPal\Core\PayPalHttpConnection : DEBUG: Request Data		: grant_type=client_credentials
--------------------------------------------------------------------------------------------------------------------------------

[29-01-2020 08:08:04] PayPal\Core\PayPalHttpConnection : INFO: Response Status 	: 200
[29-01-2020 08:08:04] PayPal\Core\PayPalHttpConnection : DEBUG: Response Headers	: Cache-Control: max-age=0, no-cache, no-store, must-revalidate, Content-Length: 918, Content-Type: application/json, Date: Wed, 29 Jan 2020 07:08:03 GMT, Paypal-Debug-Id: 9e124853ed792, X-Paypal-Token-Service: IAAS, 
[29-01-2020 08:08:04] PayPal\Core\PayPalHttpConnection : DEBUG: Response Data 	: {"scope":"https://uri.paypal.com/services/invoicing https://uri.paypal.com/services/disputes/read-buyer https://uri.paypal.com/services/payments/realtimepayment https://uri.paypal.com/services/disputes/update-seller https://uri.paypal.com/services/payments/payment/authcapture openid https://uri.paypal.com/services/disputes/read-seller https://uri.paypal.com/services/payments/refund https://api.paypal.com/v1/vault/credit-card https://api.paypal.com/v1/payments/.* https://uri.paypal.com/payments/payouts https://api.paypal.com/v1/vault/credit-card/.* https://uri.paypal.com/services/subscriptions https://uri.paypal.com/services/applications/webhooks","access_token":"A21AAH24uxLv2tLUFbWCr9vxGB4mgGk-VSKzqLjNb8GVMiNvo1HLC9xv5OXfZ75gGiNqRD7sdBf8b_YwVkgp9CAtwjVlllbmw","token_type":"Bearer","app_id":"APP-80W284485P519543T","expires_in":32386,"nonce":"2020-01-29T07:07:50Zz5ggCJWZsz4d7UDG8L5xDfeOogUaqeQv3kyUx7DxxDA"}

================================================================================================================================

[29-01-2020 08:08:04] PayPal\Core\PayPalHttpConnection : INFO: POST https://api.sandbox.paypal.com/v1/payments/billing-plans/
[29-01-2020 08:08:05] PayPal\Core\PayPalHttpConnection : DEBUG: Request Headers 	: POST /v1/payments/billing-plans/ HTTP/1.1, Host: api.sandbox.paypal.com, Accept: */*, Content-Type: application/json, User-Agent: PayPalSDK/PayPal-PHP-SDK 1.14.0 (platform-ver=7.3.3; bit=64; os=Windows_NT_10.0; machine=AMD64; crypto-lib-ver=1.1.1a; curl=7.64.0), Authorization: Bearer A21AAH24uxLv2tLUFbWCr9vxGB4mgGk-VSKzqLjNb8GVMiNvo1HLC9xv5OXfZ75gGiNqRD7sdBf8b_YwVkgp9CAtwjVlllbmw, Content-Length: 636, , 
[29-01-2020 08:08:05] PayPal\Core\PayPalHttpConnection : DEBUG: Request Data		: {"name":"T-Shirt of the Month Club Plan","description":"Template creation.","type":"fixed","payment_definitions":[{"name":"Regular Payments","type":"REGULAR","frequency":"Month","frequency_interval":"2","cycles":"12","amount":{"value":"100","currency":"EUR"},"charge_models":[{"type":"SHIPPING","amount":{"value":"10","currency":"USD"}}]}],"merchant_preferences":{"return_url":"http://localhost/ns/ExecuteAgreement.php?success=true","cancel_url":"http://localhost/ns/ExecuteAgreement.php?success=false","auto_bill_amount":"yes","initial_fail_amount_action":"CONTINUE","max_fail_attempts":"0","setup_fee":{"value":"1","currency":"USD"}}}
--------------------------------------------------------------------------------------------------------------------------------

[29-01-2020 08:08:05] PayPal\Core\PayPalHttpConnection : INFO: Response Status 	: 400
[29-01-2020 08:08:05] PayPal\Core\PayPalHttpConnection : DEBUG: Response Headers	: Cache-Control: max-age=0, no-cache, no-store, must-revalidate, Content-Length: 295, Content-Type: application/json, Date: Wed, 29 Jan 2020 07:08:06 GMT, Paypal-Debug-Id: 71167f7280856, 
[29-01-2020 08:08:05] PayPal\Core\PayPalHttpConnection : ERROR: Got Http response code 400 when accessing https://api.sandbox.paypal.com/v1/payments/billing-plans/. {"name":"VALIDATION_ERROR","debug_id":"71167f7280856","message":"Invalid request. See details.","information_link":"https://developer.paypal.com/docs/api/payments.billing-plans#errors","details":[{"field":"invalid_currency_codes","issue":"All amounts with in a plan should have same currency"}]}
[29-01-2020 08:08:05] PayPal\Core\PayPalHttpConnection : DEBUG: 

================================================================================================================================

[29-01-2020 08:09:44] PayPal\Core\PayPalHttpConnection : INFO: POST https://api.sandbox.paypal.com/v1/oauth2/token
[29-01-2020 08:09:47] PayPal\Core\PayPalHttpConnection : DEBUG: Request Headers 	: POST /v1/oauth2/token HTTP/1.1, Host: api.sandbox.paypal.com, User-Agent: PayPalSDK/PayPal-PHP-SDK 1.14.0 (platform-ver=7.3.3; bit=64; os=Windows_NT_10.0; machine=AMD64; crypto-lib-ver=1.1.1a; curl=7.64.0), Authorization: Basic QVlSMnJubjc5cXRYeHRCUXNSTFBJNzR5TFJFVlVndDZJN3pJbHM2ZGZoZVdxcGZnSFBrNjRnSVFNMlB3SDYwLWtZVWtGRHctNFptNXFkTG46RUZwZXdsLXZ1VlBUQWplN2FPMVRrMG40VnZBaGQ0Um10ck1SeFdNelh6OWE1Yzk2TUdOSmUwQ1Q3dzR5ckMwYlFqZE9sTXhjVzJGS2JrZjA=, Accept: */*, Content-Length: 29, Content-Type: application/x-www-form-urlencoded, , 
[29-01-2020 08:09:47] PayPal\Core\PayPalHttpConnection : DEBUG: Request Data		: grant_type=client_credentials
--------------------------------------------------------------------------------------------------------------------------------

[29-01-2020 08:09:47] PayPal\Core\PayPalHttpConnection : INFO: Response Status 	: 200
[29-01-2020 08:09:47] PayPal\Core\PayPalHttpConnection : DEBUG: Response Headers	: Cache-Control: max-age=0, no-cache, no-store, must-revalidate, Content-Length: 918, Content-Type: application/json, Date: Wed, 29 Jan 2020 07:09:47 GMT, Paypal-Debug-Id: 240784f4d55c0, X-Paypal-Token-Service: IAAS, 
[29-01-2020 08:09:47] PayPal\Core\PayPalHttpConnection : DEBUG: Response Data 	: {"scope":"https://uri.paypal.com/services/invoicing https://uri.paypal.com/services/disputes/read-buyer https://uri.paypal.com/services/payments/realtimepayment https://uri.paypal.com/services/disputes/update-seller https://uri.paypal.com/services/payments/payment/authcapture openid https://uri.paypal.com/services/disputes/read-seller https://uri.paypal.com/services/payments/refund https://api.paypal.com/v1/vault/credit-card https://api.paypal.com/v1/payments/.* https://uri.paypal.com/payments/payouts https://api.paypal.com/v1/vault/credit-card/.* https://uri.paypal.com/services/subscriptions https://uri.paypal.com/services/applications/webhooks","access_token":"A21AAH24uxLv2tLUFbWCr9vxGB4mgGk-VSKzqLjNb8GVMiNvo1HLC9xv5OXfZ75gGiNqRD7sdBf8b_YwVkgp9CAtwjVlllbmw","token_type":"Bearer","app_id":"APP-80W284485P519543T","expires_in":32283,"nonce":"2020-01-29T07:07:50Zz5ggCJWZsz4d7UDG8L5xDfeOogUaqeQv3kyUx7DxxDA"}

================================================================================================================================

[29-01-2020 08:09:47] PayPal\Core\PayPalHttpConnection : INFO: POST https://api.sandbox.paypal.com/v1/payments/billing-plans/
[29-01-2020 08:09:49] PayPal\Core\PayPalHttpConnection : DEBUG: Request Headers 	: POST /v1/payments/billing-plans/ HTTP/1.1, Host: api.sandbox.paypal.com, Accept: */*, Content-Type: application/json, User-Agent: PayPalSDK/PayPal-PHP-SDK 1.14.0 (platform-ver=7.3.3; bit=64; os=Windows_NT_10.0; machine=AMD64; crypto-lib-ver=1.1.1a; curl=7.64.0), Authorization: Bearer A21AAH24uxLv2tLUFbWCr9vxGB4mgGk-VSKzqLjNb8GVMiNvo1HLC9xv5OXfZ75gGiNqRD7sdBf8b_YwVkgp9CAtwjVlllbmw, Content-Length: 636, , 
[29-01-2020 08:09:49] PayPal\Core\PayPalHttpConnection : DEBUG: Request Data		: {"name":"T-Shirt of the Month Club Plan","description":"Template creation.","type":"fixed","payment_definitions":[{"name":"Regular Payments","type":"REGULAR","frequency":"Month","frequency_interval":"2","cycles":"12","amount":{"value":"100","currency":"EUR"},"charge_models":[{"type":"SHIPPING","amount":{"value":"10","currency":"USD"}}]}],"merchant_preferences":{"return_url":"http://localhost/ns/ExecuteAgreement.php?success=true","cancel_url":"http://localhost/ns/ExecuteAgreement.php?success=false","auto_bill_amount":"yes","initial_fail_amount_action":"CONTINUE","max_fail_attempts":"0","setup_fee":{"value":"1","currency":"USD"}}}
--------------------------------------------------------------------------------------------------------------------------------

[29-01-2020 08:09:49] PayPal\Core\PayPalHttpConnection : INFO: Response Status 	: 400
[29-01-2020 08:09:49] PayPal\Core\PayPalHttpConnection : DEBUG: Response Headers	: Cache-Control: max-age=0, no-cache, no-store, must-revalidate, Content-Length: 295, Content-Type: application/json, Date: Wed, 29 Jan 2020 07:09:49 GMT, Paypal-Debug-Id: 1802f476ffaa0, 
[29-01-2020 08:09:49] PayPal\Core\PayPalHttpConnection : ERROR: Got Http response code 400 when accessing https://api.sandbox.paypal.com/v1/payments/billing-plans/. {"name":"VALIDATION_ERROR","debug_id":"1802f476ffaa0","message":"Invalid request. See details.","information_link":"https://developer.paypal.com/docs/api/payments.billing-plans#errors","details":[{"field":"invalid_currency_codes","issue":"All amounts with in a plan should have same currency"}]}
[29-01-2020 08:09:49] PayPal\Core\PayPalHttpConnection : DEBUG: 

================================================================================================================================

[30-01-2020 05:38:29] PayPal\Core\PayPalHttpConnection : INFO: POST https://api.sandbox.paypal.com/v1/oauth2/token
[30-01-2020 05:38:32] PayPal\Core\PayPalHttpConnection : DEBUG: Request Headers 	: POST /v1/oauth2/token HTTP/1.1, Host: api.sandbox.paypal.com, User-Agent: PayPalSDK/PayPal-PHP-SDK 1.14.0 (platform-ver=7.3.3; bit=64; os=Windows_NT_10.0; machine=AMD64; crypto-lib-ver=1.1.1a; curl=7.64.0), Authorization: Basic QVlSMnJubjc5cXRYeHRCUXNSTFBJNzR5TFJFVlVndDZJN3pJbHM2ZGZoZVdxcGZnSFBrNjRnSVFNMlB3SDYwLWtZVWtGRHctNFptNXFkTG46RUZwZXdsLXZ1VlBUQWplN2FPMVRrMG40VnZBaGQ0Um10ck1SeFdNelh6OWE1Yzk2TUdOSmUwQ1Q3dzR5ckMwYlFqZE9sTXhjVzJGS2JrZjA=, Accept: */*, Content-Length: 29, Content-Type: application/x-www-form-urlencoded, , 
[30-01-2020 05:38:32] PayPal\Core\PayPalHttpConnection : DEBUG: Request Data		: grant_type=client_credentials
--------------------------------------------------------------------------------------------------------------------------------

[30-01-2020 05:38:32] PayPal\Core\PayPalHttpConnection : INFO: Response Status 	: 200
[30-01-2020 05:38:32] PayPal\Core\PayPalHttpConnection : DEBUG: Response Headers	: Cache-Control: max-age=0, no-cache, no-store, must-revalidate, Content-Length: 918, Content-Type: application/json, Date: Thu, 30 Jan 2020 04:38:32 GMT, Paypal-Debug-Id: 90c4fd0ce7355, X-Paypal-Token-Service: IAAS, 
[30-01-2020 05:38:32] PayPal\Core\PayPalHttpConnection : DEBUG: Response Data 	: {"scope":"https://uri.paypal.com/services/invoicing https://uri.paypal.com/services/disputes/read-buyer https://uri.paypal.com/services/payments/realtimepayment https://uri.paypal.com/services/disputes/update-seller https://uri.paypal.com/services/payments/payment/authcapture openid https://uri.paypal.com/services/disputes/read-seller https://uri.paypal.com/services/payments/refund https://api.paypal.com/v1/vault/credit-card https://api.paypal.com/v1/payments/.* https://uri.paypal.com/payments/payouts https://api.paypal.com/v1/vault/credit-card/.* https://uri.paypal.com/services/subscriptions https://uri.paypal.com/services/applications/webhooks","access_token":"A21AAGJ0eBfiDV0-ohAKhU8rEEoLsX0HG_t5LwXo02aJ304UGMFJtTaI-TlyaJ3c5G08Jyc6ljQrXQ2JqgZkwk4TIc0lDlV7g","token_type":"Bearer","app_id":"APP-80W284485P519543T","expires_in":32400,"nonce":"2020-01-30T04:38:33ZF5gkPrN5jP5CCWY4MqkjKNaVy6hRcAQBzP4eGGgjEgU"}

================================================================================================================================

[30-01-2020 05:38:32] PayPal\Core\PayPalHttpConnection : INFO: POST https://api.sandbox.paypal.com/v1/payments/payment
[30-01-2020 05:38:35] PayPal\Core\PayPalHttpConnection : DEBUG: Request Headers 	: POST /v1/payments/payment HTTP/1.1, Host: api.sandbox.paypal.com, Accept: */*, Content-Type: application/json, User-Agent: PayPalSDK/PayPal-PHP-SDK 1.14.0 (platform-ver=7.3.3; bit=64; os=Windows_NT_10.0; machine=AMD64; crypto-lib-ver=1.1.1a; curl=7.64.0), Authorization: Bearer A21AAGJ0eBfiDV0-ohAKhU8rEEoLsX0HG_t5LwXo02aJ304UGMFJtTaI-TlyaJ3c5G08Jyc6ljQrXQ2JqgZkwk4TIc0lDlV7g, Content-Length: 512, , 
[30-01-2020 05:38:35] PayPal\Core\PayPalHttpConnection : DEBUG: Request Data		: {"intent":"sale","payer":{"payment_method":"paypal"},"redirect_urls":{"return_url":"http://localhost/ns/shop/callback?item_purchased=packages&order_unique_id=81","cancel_url":"http://localhost/ns/shop/callback?item_purchased=packages&order_unique_id=81"},"transactions":[{"amount":{"total":"240","details":{"tax":"40","subtotal":"200"}},"item_list":{"items":[{"name":"Payment for Order#NSW81P109","quantity":1,"sku":"1","price":"200"}]},"description":"Payment for Order#NSW81P109","invoice_number":"NSW81P109"}]}
--------------------------------------------------------------------------------------------------------------------------------

[30-01-2020 05:38:35] PayPal\Core\PayPalHttpConnection : INFO: Response Status 	: 400
[30-01-2020 05:38:35] PayPal\Core\PayPalHttpConnection : DEBUG: Response Headers	: Cache-Control: max-age=0, no-cache, no-store, must-revalidate, Content-Language: *, Content-Length: 1604, Content-Type: application/json, Date: Thu, 30 Jan 2020 04:38:35 GMT, Paypal-Debug-Id: 93cd50dba518d, 
[30-01-2020 05:38:35] PayPal\Core\PayPalHttpConnection : ERROR: Got Http response code 400 when accessing https://api.sandbox.paypal.com/v1/payments/payment. {"name":"VALIDATION_ERROR","message":"Invalid request - see details","debug_id":"93cd50dba518d","information_link":"https://developer.paypal.com/docs/api/payments/#errors","details":[{"field":"transactions[0].amount.total","location":"body","issue":"Currency amount must be non-negative number, contain exactly 2 decimal places separated by '.' (JPY contains 0 decimal places), optional thousands separator ',', limited to 7 digits before the decimal point and currency which is a valid ISO Currency Code"},{"field":"transactions[0].item_list.items[0].price","location":"body","issue":"Currency amount must be non-negative number, contain exactly 2 decimal places separated by '.' (JPY contains 0 decimal places), optional thousands separator ',', limited to 7 digits before the decimal point and currency which is a valid ISO Currency Code"},{"field":"transactions[0].amount.details.subtotal","location":"body","issue":"Currency amount must be non-negative number, contain exactly 2 decimal places separated by '.' (JPY contains 0 decimal places), optional thousands separator ',', limited to 7 digits before the decimal point and currency which is a valid ISO Currency Code"},{"field":"transactions[0].amount.details.tax","location":"body","issue":"Currency amount must be non-negative number, contain exactly 2 decimal places separated by '.' (JPY contains 0 decimal places), optional thousands separator ',', limited to 7 digits before the decimal point and currency which is a valid ISO Currency Code"},{"field":"transactions[0].amount.currency","location":"body","issue":"Required field missing"}]}
[30-01-2020 05:38:35] PayPal\Core\PayPalHttpConnection : DEBUG: 

================================================================================================================================

[30-01-2020 05:40:41] PayPal\Core\PayPalHttpConnection : INFO: POST https://api.sandbox.paypal.com/v1/oauth2/token
[30-01-2020 05:40:43] PayPal\Core\PayPalHttpConnection : DEBUG: Request Headers 	: POST /v1/oauth2/token HTTP/1.1, Host: api.sandbox.paypal.com, User-Agent: PayPalSDK/PayPal-PHP-SDK 1.14.0 (platform-ver=7.3.3; bit=64; os=Windows_NT_10.0; machine=AMD64; crypto-lib-ver=1.1.1a; curl=7.64.0), Authorization: Basic QVlSMnJubjc5cXRYeHRCUXNSTFBJNzR5TFJFVlVndDZJN3pJbHM2ZGZoZVdxcGZnSFBrNjRnSVFNMlB3SDYwLWtZVWtGRHctNFptNXFkTG46RUZwZXdsLXZ1VlBUQWplN2FPMVRrMG40VnZBaGQ0Um10ck1SeFdNelh6OWE1Yzk2TUdOSmUwQ1Q3dzR5ckMwYlFqZE9sTXhjVzJGS2JrZjA=, Accept: */*, Content-Length: 29, Content-Type: application/x-www-form-urlencoded, , 
[30-01-2020 05:40:43] PayPal\Core\PayPalHttpConnection : DEBUG: Request Data		: grant_type=client_credentials
--------------------------------------------------------------------------------------------------------------------------------

[30-01-2020 05:40:43] PayPal\Core\PayPalHttpConnection : INFO: Response Status 	: 200
[30-01-2020 05:40:43] PayPal\Core\PayPalHttpConnection : DEBUG: Response Headers	: Cache-Control: max-age=0, no-cache, no-store, must-revalidate, Content-Length: 918, Content-Type: application/json, Date: Thu, 30 Jan 2020 04:40:43 GMT, Paypal-Debug-Id: 607c902a5ec1d, X-Paypal-Token-Service: IAAS, 
[30-01-2020 05:40:43] PayPal\Core\PayPalHttpConnection : DEBUG: Response Data 	: {"scope":"https://uri.paypal.com/services/invoicing https://uri.paypal.com/services/disputes/read-buyer https://uri.paypal.com/services/payments/realtimepayment https://uri.paypal.com/services/disputes/update-seller https://uri.paypal.com/services/payments/payment/authcapture openid https://uri.paypal.com/services/disputes/read-seller https://uri.paypal.com/services/payments/refund https://api.paypal.com/v1/vault/credit-card https://api.paypal.com/v1/payments/.* https://uri.paypal.com/payments/payouts https://api.paypal.com/v1/vault/credit-card/.* https://uri.paypal.com/services/subscriptions https://uri.paypal.com/services/applications/webhooks","access_token":"A21AAGJ0eBfiDV0-ohAKhU8rEEoLsX0HG_t5LwXo02aJ304UGMFJtTaI-TlyaJ3c5G08Jyc6ljQrXQ2JqgZkwk4TIc0lDlV7g","token_type":"Bearer","app_id":"APP-80W284485P519543T","expires_in":32269,"nonce":"2020-01-30T04:38:33ZF5gkPrN5jP5CCWY4MqkjKNaVy6hRcAQBzP4eGGgjEgU"}

================================================================================================================================

[30-01-2020 05:40:43] PayPal\Core\PayPalHttpConnection : INFO: POST https://api.sandbox.paypal.com/v1/payments/payment
[30-01-2020 05:40:45] PayPal\Core\PayPalHttpConnection : DEBUG: Request Headers 	: POST /v1/payments/payment HTTP/1.1, Host: api.sandbox.paypal.com, Accept: */*, Content-Type: application/json, User-Agent: PayPalSDK/PayPal-PHP-SDK 1.14.0 (platform-ver=7.3.3; bit=64; os=Windows_NT_10.0; machine=AMD64; crypto-lib-ver=1.1.1a; curl=7.64.0), Authorization: Bearer A21AAGJ0eBfiDV0-ohAKhU8rEEoLsX0HG_t5LwXo02aJ304UGMFJtTaI-TlyaJ3c5G08Jyc6ljQrXQ2JqgZkwk4TIc0lDlV7g, Content-Length: 512, , 
[30-01-2020 05:40:45] PayPal\Core\PayPalHttpConnection : DEBUG: Request Data		: {"intent":"sale","payer":{"payment_method":"paypal"},"redirect_urls":{"return_url":"http://localhost/ns/shop/callback?item_purchased=packages&order_unique_id=82","cancel_url":"http://localhost/ns/shop/callback?item_purchased=packages&order_unique_id=82"},"transactions":[{"amount":{"total":"240","details":{"tax":"40","subtotal":"200"}},"item_list":{"items":[{"name":"Payment for Order#NSW82P241","quantity":1,"sku":"1","price":"200"}]},"description":"Payment for Order#NSW82P241","invoice_number":"NSW82P241"}]}
--------------------------------------------------------------------------------------------------------------------------------

[30-01-2020 05:40:45] PayPal\Core\PayPalHttpConnection : INFO: Response Status 	: 400
[30-01-2020 05:40:45] PayPal\Core\PayPalHttpConnection : DEBUG: Response Headers	: Cache-Control: max-age=0, no-cache, no-store, must-revalidate, Content-Language: *, Content-Length: 1604, Content-Type: application/json, Date: Thu, 30 Jan 2020 04:40:46 GMT, Paypal-Debug-Id: 1977a35654dc0, 
[30-01-2020 05:40:45] PayPal\Core\PayPalHttpConnection : ERROR: Got Http response code 400 when accessing https://api.sandbox.paypal.com/v1/payments/payment. {"name":"VALIDATION_ERROR","message":"Invalid request - see details","debug_id":"1977a35654dc0","information_link":"https://developer.paypal.com/docs/api/payments/#errors","details":[{"field":"transactions[0].amount.total","location":"body","issue":"Currency amount must be non-negative number, contain exactly 2 decimal places separated by '.' (JPY contains 0 decimal places), optional thousands separator ',', limited to 7 digits before the decimal point and currency which is a valid ISO Currency Code"},{"field":"transactions[0].item_list.items[0].price","location":"body","issue":"Currency amount must be non-negative number, contain exactly 2 decimal places separated by '.' (JPY contains 0 decimal places), optional thousands separator ',', limited to 7 digits before the decimal point and currency which is a valid ISO Currency Code"},{"field":"transactions[0].amount.details.subtotal","location":"body","issue":"Currency amount must be non-negative number, contain exactly 2 decimal places separated by '.' (JPY contains 0 decimal places), optional thousands separator ',', limited to 7 digits before the decimal point and currency which is a valid ISO Currency Code"},{"field":"transactions[0].amount.details.tax","location":"body","issue":"Currency amount must be non-negative number, contain exactly 2 decimal places separated by '.' (JPY contains 0 decimal places), optional thousands separator ',', limited to 7 digits before the decimal point and currency which is a valid ISO Currency Code"},{"field":"transactions[0].amount.currency","location":"body","issue":"Required field missing"}]}
[30-01-2020 05:40:45] PayPal\Core\PayPalHttpConnection : DEBUG: 

================================================================================================================================

[30-01-2020 05:42:18] PayPal\Core\PayPalHttpConnection : INFO: POST https://api.sandbox.paypal.com/v1/oauth2/token
[30-01-2020 05:42:21] PayPal\Core\PayPalHttpConnection : DEBUG: Request Headers 	: POST /v1/oauth2/token HTTP/1.1, Host: api.sandbox.paypal.com, User-Agent: PayPalSDK/PayPal-PHP-SDK 1.14.0 (platform-ver=7.3.3; bit=64; os=Windows_NT_10.0; machine=AMD64; crypto-lib-ver=1.1.1a; curl=7.64.0), Authorization: Basic QVlSMnJubjc5cXRYeHRCUXNSTFBJNzR5TFJFVlVndDZJN3pJbHM2ZGZoZVdxcGZnSFBrNjRnSVFNMlB3SDYwLWtZVWtGRHctNFptNXFkTG46RUZwZXdsLXZ1VlBUQWplN2FPMVRrMG40VnZBaGQ0Um10ck1SeFdNelh6OWE1Yzk2TUdOSmUwQ1Q3dzR5ckMwYlFqZE9sTXhjVzJGS2JrZjA=, Accept: */*, Content-Length: 29, Content-Type: application/x-www-form-urlencoded, , 
[30-01-2020 05:42:21] PayPal\Core\PayPalHttpConnection : DEBUG: Request Data		: grant_type=client_credentials
--------------------------------------------------------------------------------------------------------------------------------

[30-01-2020 05:42:21] PayPal\Core\PayPalHttpConnection : INFO: Response Status 	: 200
[30-01-2020 05:42:21] PayPal\Core\PayPalHttpConnection : DEBUG: Response Headers	: Cache-Control: max-age=0, no-cache, no-store, must-revalidate, Content-Length: 918, Content-Type: application/json, Date: Thu, 30 Jan 2020 04:42:20 GMT, Paypal-Debug-Id: 930276758389, X-Paypal-Token-Service: IAAS, 
[30-01-2020 05:42:21] PayPal\Core\PayPalHttpConnection : DEBUG: Response Data 	: {"scope":"https://uri.paypal.com/services/invoicing https://uri.paypal.com/services/disputes/read-buyer https://uri.paypal.com/services/payments/realtimepayment https://uri.paypal.com/services/disputes/update-seller https://uri.paypal.com/services/payments/payment/authcapture openid https://uri.paypal.com/services/disputes/read-seller https://uri.paypal.com/services/payments/refund https://api.paypal.com/v1/vault/credit-card https://api.paypal.com/v1/payments/.* https://uri.paypal.com/payments/payouts https://api.paypal.com/v1/vault/credit-card/.* https://uri.paypal.com/services/subscriptions https://uri.paypal.com/services/applications/webhooks","access_token":"A21AAGJ0eBfiDV0-ohAKhU8rEEoLsX0HG_t5LwXo02aJ304UGMFJtTaI-TlyaJ3c5G08Jyc6ljQrXQ2JqgZkwk4TIc0lDlV7g","token_type":"Bearer","app_id":"APP-80W284485P519543T","expires_in":32172,"nonce":"2020-01-30T04:38:33ZF5gkPrN5jP5CCWY4MqkjKNaVy6hRcAQBzP4eGGgjEgU"}

================================================================================================================================

[30-01-2020 05:42:21] PayPal\Core\PayPalHttpConnection : INFO: POST https://api.sandbox.paypal.com/v1/payments/payment
[30-01-2020 05:42:24] PayPal\Core\PayPalHttpConnection : DEBUG: Request Headers 	: POST /v1/payments/payment HTTP/1.1, Host: api.sandbox.paypal.com, Accept: */*, Content-Type: application/json, User-Agent: PayPalSDK/PayPal-PHP-SDK 1.14.0 (platform-ver=7.3.3; bit=64; os=Windows_NT_10.0; machine=AMD64; crypto-lib-ver=1.1.1a; curl=7.64.0), Authorization: Bearer A21AAGJ0eBfiDV0-ohAKhU8rEEoLsX0HG_t5LwXo02aJ304UGMFJtTaI-TlyaJ3c5G08Jyc6ljQrXQ2JqgZkwk4TIc0lDlV7g, Content-Length: 546, , 
[30-01-2020 05:42:24] PayPal\Core\PayPalHttpConnection : DEBUG: Request Data		: {"intent":"sale","payer":{"payment_method":"paypal"},"redirect_urls":{"return_url":"http://localhost/ns/shop/callback?item_purchased=packages&order_unique_id=83","cancel_url":"http://localhost/ns/shop/callback?item_purchased=packages&order_unique_id=83"},"transactions":[{"amount":{"currency":"EUR","total":"240","details":{"tax":"40","subtotal":"200"}},"item_list":{"items":[{"name":"Payment for Order#NSW83P338","currency":"EUR","quantity":1,"sku":"1","price":"200"}]},"description":"Payment for Order#NSW83P338","invoice_number":"NSW83P338"}]}
--------------------------------------------------------------------------------------------------------------------------------

[30-01-2020 05:42:24] PayPal\Core\PayPalHttpConnection : INFO: Response Status 	: 201
[30-01-2020 05:42:24] PayPal\Core\PayPalHttpConnection : DEBUG: Response Headers	: Cache-Control: max-age=0, no-cache, no-store, must-revalidate, Content-Language: *, Content-Length: 883, Content-Type: application/json, Date: Thu, 30 Jan 2020 04:42:24 GMT, Paypal-Debug-Id: 302a54cdb269e, 
[30-01-2020 05:42:24] PayPal\Core\PayPalHttpConnection : DEBUG: Response Data 	: {"id":"PAYID-LYZF5MA38D17697GH8981258","intent":"sale","state":"created","payer":{"payment_method":"paypal"},"transactions":[{"amount":{"total":"240.00","currency":"EUR","details":{"subtotal":"200.00","tax":"40.00"}},"description":"Payment for Order#NSW83P338","invoice_number":"NSW83P338","item_list":{"items":[{"name":"Payment for Order#NSW83P338","sku":"1","price":"200.00","currency":"EUR","quantity":1}]},"related_resources":[]}],"create_time":"2020-01-30T04:42:24Z","links":[{"href":"https://api.sandbox.paypal.com/v1/payments/payment/PAYID-LYZF5MA38D17697GH8981258","rel":"self","method":"GET"},{"href":"https://www.sandbox.paypal.com/cgi-bin/webscr?cmd=_express-checkout&token=EC-7ET958540T988105X","rel":"approval_url","method":"REDIRECT"},{"href":"https://api.sandbox.paypal.com/v1/payments/payment/PAYID-LYZF5MA38D17697GH8981258/execute","rel":"execute","method":"POST"}]}

================================================================================================================================

[30-01-2020 05:42:25] PayPal\Core\PayPalHttpConnection : INFO: POST https://api.sandbox.paypal.com/v1/oauth2/token
[30-01-2020 05:42:27] PayPal\Core\PayPalHttpConnection : DEBUG: Request Headers 	: POST /v1/oauth2/token HTTP/1.1, Host: api.sandbox.paypal.com, User-Agent: PayPalSDK/PayPal-PHP-SDK 1.14.0 (platform-ver=7.3.3; bit=64; os=Windows_NT_10.0; machine=AMD64; crypto-lib-ver=1.1.1a; curl=7.64.0), Authorization: Basic QVlSMnJubjc5cXRYeHRCUXNSTFBJNzR5TFJFVlVndDZJN3pJbHM2ZGZoZVdxcGZnSFBrNjRnSVFNMlB3SDYwLWtZVWtGRHctNFptNXFkTG46RUZwZXdsLXZ1VlBUQWplN2FPMVRrMG40VnZBaGQ0Um10ck1SeFdNelh6OWE1Yzk2TUdOSmUwQ1Q3dzR5ckMwYlFqZE9sTXhjVzJGS2JrZjA=, Accept: */*, Content-Length: 29, Content-Type: application/x-www-form-urlencoded, , 
[30-01-2020 05:42:27] PayPal\Core\PayPalHttpConnection : DEBUG: Request Data		: grant_type=client_credentials
--------------------------------------------------------------------------------------------------------------------------------

[30-01-2020 05:42:27] PayPal\Core\PayPalHttpConnection : INFO: Response Status 	: 200
[30-01-2020 05:42:27] PayPal\Core\PayPalHttpConnection : DEBUG: Response Headers	: Cache-Control: max-age=0, no-cache, no-store, must-revalidate, Content-Length: 918, Content-Type: application/json, Date: Thu, 30 Jan 2020 04:42:26 GMT, Paypal-Debug-Id: 2df8b4976b14d, X-Paypal-Token-Service: IAAS, 
[30-01-2020 05:42:27] PayPal\Core\PayPalHttpConnection : DEBUG: Response Data 	: {"scope":"https://uri.paypal.com/services/invoicing https://uri.paypal.com/services/disputes/read-buyer https://uri.paypal.com/services/payments/realtimepayment https://uri.paypal.com/services/disputes/update-seller https://uri.paypal.com/services/payments/payment/authcapture openid https://uri.paypal.com/services/disputes/read-seller https://uri.paypal.com/services/payments/refund https://api.paypal.com/v1/vault/credit-card https://api.paypal.com/v1/payments/.* https://uri.paypal.com/payments/payouts https://api.paypal.com/v1/vault/credit-card/.* https://uri.paypal.com/services/subscriptions https://uri.paypal.com/services/applications/webhooks","access_token":"A21AAGJ0eBfiDV0-ohAKhU8rEEoLsX0HG_t5LwXo02aJ304UGMFJtTaI-TlyaJ3c5G08Jyc6ljQrXQ2JqgZkwk4TIc0lDlV7g","token_type":"Bearer","app_id":"APP-80W284485P519543T","expires_in":32166,"nonce":"2020-01-30T04:38:33ZF5gkPrN5jP5CCWY4MqkjKNaVy6hRcAQBzP4eGGgjEgU"}

================================================================================================================================

[30-01-2020 05:42:27] PayPal\Core\PayPalHttpConnection : INFO: POST https://api.sandbox.paypal.com/v1/payments/payment
[30-01-2020 05:42:31] PayPal\Core\PayPalHttpConnection : DEBUG: Request Headers 	: POST /v1/payments/payment HTTP/1.1, Host: api.sandbox.paypal.com, Accept: */*, Content-Type: application/json, User-Agent: PayPalSDK/PayPal-PHP-SDK 1.14.0 (platform-ver=7.3.3; bit=64; os=Windows_NT_10.0; machine=AMD64; crypto-lib-ver=1.1.1a; curl=7.64.0), Authorization: Bearer A21AAGJ0eBfiDV0-ohAKhU8rEEoLsX0HG_t5LwXo02aJ304UGMFJtTaI-TlyaJ3c5G08Jyc6ljQrXQ2JqgZkwk4TIc0lDlV7g, Content-Length: 546, , 
[30-01-2020 05:42:31] PayPal\Core\PayPalHttpConnection : DEBUG: Request Data		: {"intent":"sale","payer":{"payment_method":"paypal"},"redirect_urls":{"return_url":"http://localhost/ns/shop/callback?item_purchased=packages&order_unique_id=83","cancel_url":"http://localhost/ns/shop/callback?item_purchased=packages&order_unique_id=83"},"transactions":[{"amount":{"currency":"EUR","total":"240","details":{"tax":"40","subtotal":"200"}},"item_list":{"items":[{"name":"Payment for Order#NSW83P345","currency":"EUR","quantity":1,"sku":"1","price":"200"}]},"description":"Payment for Order#NSW83P345","invoice_number":"NSW83P345"}]}
--------------------------------------------------------------------------------------------------------------------------------

[30-01-2020 05:42:31] PayPal\Core\PayPalHttpConnection : INFO: Response Status 	: 201
[30-01-2020 05:42:31] PayPal\Core\PayPalHttpConnection : DEBUG: Response Headers	: Cache-Control: max-age=0, no-cache, no-store, must-revalidate, Content-Language: *, Content-Length: 883, Content-Type: application/json, Date: Thu, 30 Jan 2020 04:42:31 GMT, Paypal-Debug-Id: ced47c72bec0, 
[30-01-2020 05:42:31] PayPal\Core\PayPalHttpConnection : DEBUG: Response Data 	: {"id":"PAYID-LYZF5NY2A88173155322120B","intent":"sale","state":"created","payer":{"payment_method":"paypal"},"transactions":[{"amount":{"total":"240.00","currency":"EUR","details":{"subtotal":"200.00","tax":"40.00"}},"description":"Payment for Order#NSW83P345","invoice_number":"NSW83P345","item_list":{"items":[{"name":"Payment for Order#NSW83P345","sku":"1","price":"200.00","currency":"EUR","quantity":1}]},"related_resources":[]}],"create_time":"2020-01-30T04:42:30Z","links":[{"href":"https://api.sandbox.paypal.com/v1/payments/payment/PAYID-LYZF5NY2A88173155322120B","rel":"self","method":"GET"},{"href":"https://www.sandbox.paypal.com/cgi-bin/webscr?cmd=_express-checkout&token=EC-76S82809MM438445K","rel":"approval_url","method":"REDIRECT"},{"href":"https://api.sandbox.paypal.com/v1/payments/payment/PAYID-LYZF5NY2A88173155322120B/execute","rel":"execute","method":"POST"}]}

================================================================================================================================

